{"C:\\Users\\awaha\\OneDrive\\Dokumen\\Semester 5\\NetKu_Gen2\\coba.js": {"path":"C:\\Users\\awaha\\OneDrive\\Dokumen\\Semester 5\\NetKu_Gen2\\coba.js","statementMap":{"0":{"start":{"line":2,"column":4},"end":{"line":2,"column":17}},"1":{"start":{"line":4,"column":2},"end":{"line":4,"column":23}}},"fnMap":{"0":{"name":"sum","decl":{"start":{"line":1,"column":9},"end":{"line":1,"column":12}},"loc":{"start":{"line":1,"column":19},"end":{"line":3,"column":3}},"line":1}},"branchMap":{},"s":{"0":1,"1":1},"f":{"0":1},"b":{},"_coverageSchema":"1a1c01bbd47fc00a2c39e90264f33305004495a9","hash":"7fff68bb5ce6a7adfde4cd006ce16bf6454fa845"}
}
